[15-Nov-2017 00:21:06 UTC] PHP Parse error:  syntax error, unexpected '}', expecting ',' or ';' in /home/ubuntu/workspace/controllers/login.php on line 8
[15-Nov-2017 01:42:51 UTC] PHP Warning:  session_destroy(): Trying to destroy uninitialized session in /home/ubuntu/workspace/views/logout.php on line 9
[15-Nov-2017 01:42:51 UTC] PHP Stack trace:
[15-Nov-2017 01:42:51 UTC] PHP   1. {main}() /home/ubuntu/workspace/views/logout.php:0
[15-Nov-2017 01:42:51 UTC] PHP   2. session_destroy() /home/ubuntu/workspace/views/logout.php:9
[15-Nov-2017 01:42:54 UTC] PHP Warning:  session_destroy(): Trying to destroy uninitialized session in /home/ubuntu/workspace/views/logout.php on line 9
[15-Nov-2017 01:42:54 UTC] PHP Stack trace:
[15-Nov-2017 01:42:54 UTC] PHP   1. {main}() /home/ubuntu/workspace/views/logout.php:0
[15-Nov-2017 01:42:54 UTC] PHP   2. session_destroy() /home/ubuntu/workspace/views/logout.php:9
[15-Nov-2017 01:42:54 UTC] PHP Warning:  session_destroy(): Trying to destroy uninitialized session in /home/ubuntu/workspace/views/logout.php on line 9
[15-Nov-2017 01:42:54 UTC] PHP Stack trace:
[15-Nov-2017 01:42:54 UTC] PHP   1. {main}() /home/ubuntu/workspace/views/logout.php:0
[15-Nov-2017 01:42:54 UTC] PHP   2. session_destroy() /home/ubuntu/workspace/views/logout.php:9
[15-Nov-2017 01:42:54 UTC] PHP Warning:  session_destroy(): Trying to destroy uninitialized session in /home/ubuntu/workspace/views/logout.php on line 9
[15-Nov-2017 01:42:54 UTC] PHP Stack trace:
[15-Nov-2017 01:42:54 UTC] PHP   1. {main}() /home/ubuntu/workspace/views/logout.php:0
[15-Nov-2017 01:42:54 UTC] PHP   2. session_destroy() /home/ubuntu/workspace/views/logout.php:9
[15-Nov-2017 01:42:54 UTC] PHP Warning:  session_destroy(): Trying to destroy uninitialized session in /home/ubuntu/workspace/views/logout.php on line 9
[15-Nov-2017 01:42:54 UTC] PHP Stack trace:
[15-Nov-2017 01:42:54 UTC] PHP   1. {main}() /home/ubuntu/workspace/views/logout.php:0
[15-Nov-2017 01:42:54 UTC] PHP   2. session_destroy() /home/ubuntu/workspace/views/logout.php:9
[15-Nov-2017 01:42:54 UTC] PHP Warning:  session_destroy(): Trying to destroy uninitialized session in /home/ubuntu/workspace/views/logout.php on line 9
[15-Nov-2017 01:42:54 UTC] PHP Stack trace:
[15-Nov-2017 01:42:54 UTC] PHP   1. {main}() /home/ubuntu/workspace/views/logout.php:0
[15-Nov-2017 01:42:54 UTC] PHP   2. session_destroy() /home/ubuntu/workspace/views/logout.php:9
[15-Nov-2017 01:42:55 UTC] PHP Warning:  session_destroy(): Trying to destroy uninitialized session in /home/ubuntu/workspace/views/logout.php on line 9
[15-Nov-2017 01:42:55 UTC] PHP Stack trace:
[15-Nov-2017 01:42:55 UTC] PHP   1. {main}() /home/ubuntu/workspace/views/logout.php:0
[15-Nov-2017 01:42:55 UTC] PHP   2. session_destroy() /home/ubuntu/workspace/views/logout.php:9
[15-Nov-2017 01:45:03 UTC] PHP Warning:  session_destroy(): Trying to destroy uninitialized session in /home/ubuntu/workspace/views/logout.php on line 9
[15-Nov-2017 01:45:03 UTC] PHP Stack trace:
[15-Nov-2017 01:45:03 UTC] PHP   1. {main}() /home/ubuntu/workspace/views/logout.php:0
[15-Nov-2017 01:45:03 UTC] PHP   2. session_destroy() /home/ubuntu/workspace/views/logout.php:9
[15-Nov-2017 01:45:07 UTC] PHP Warning:  session_destroy(): Trying to destroy uninitialized session in /home/ubuntu/workspace/views/logout.php on line 9
[15-Nov-2017 01:45:07 UTC] PHP Stack trace:
[15-Nov-2017 01:45:07 UTC] PHP   1. {main}() /home/ubuntu/workspace/views/logout.php:0
[15-Nov-2017 01:45:07 UTC] PHP   2. session_destroy() /home/ubuntu/workspace/views/logout.php:9
[15-Nov-2017 01:45:08 UTC] PHP Warning:  session_destroy(): Trying to destroy uninitialized session in /home/ubuntu/workspace/views/logout.php on line 9
[15-Nov-2017 01:45:08 UTC] PHP Stack trace:
[15-Nov-2017 01:45:08 UTC] PHP   1. {main}() /home/ubuntu/workspace/views/logout.php:0
[15-Nov-2017 01:45:08 UTC] PHP   2. session_destroy() /home/ubuntu/workspace/views/logout.php:9
[15-Nov-2017 01:45:08 UTC] PHP Warning:  session_destroy(): Trying to destroy uninitialized session in /home/ubuntu/workspace/views/logout.php on line 9
[15-Nov-2017 01:45:08 UTC] PHP Stack trace:
[15-Nov-2017 01:45:08 UTC] PHP   1. {main}() /home/ubuntu/workspace/views/logout.php:0
[15-Nov-2017 01:45:08 UTC] PHP   2. session_destroy() /home/ubuntu/workspace/views/logout.php:9
[15-Nov-2017 01:45:08 UTC] PHP Warning:  session_destroy(): Trying to destroy uninitialized session in /home/ubuntu/workspace/views/logout.php on line 9
[15-Nov-2017 01:45:08 UTC] PHP Stack trace:
[15-Nov-2017 01:45:08 UTC] PHP   1. {main}() /home/ubuntu/workspace/views/logout.php:0
[15-Nov-2017 01:45:08 UTC] PHP   2. session_destroy() /home/ubuntu/workspace/views/logout.php:9
[15-Nov-2017 01:45:09 UTC] PHP Warning:  session_destroy(): Trying to destroy uninitialized session in /home/ubuntu/workspace/views/logout.php on line 9
[15-Nov-2017 01:45:09 UTC] PHP Stack trace:
[15-Nov-2017 01:45:09 UTC] PHP   1. {main}() /home/ubuntu/workspace/views/logout.php:0
[15-Nov-2017 01:45:09 UTC] PHP   2. session_destroy() /home/ubuntu/workspace/views/logout.php:9
[15-Nov-2017 01:45:10 UTC] PHP Warning:  session_destroy(): Trying to destroy uninitialized session in /home/ubuntu/workspace/views/logout.php on line 9
[15-Nov-2017 01:45:10 UTC] PHP Stack trace:
[15-Nov-2017 01:45:10 UTC] PHP   1. {main}() /home/ubuntu/workspace/views/logout.php:0
[15-Nov-2017 01:45:10 UTC] PHP   2. session_destroy() /home/ubuntu/workspace/views/logout.php:9
[15-Nov-2017 01:45:10 UTC] PHP Warning:  session_destroy(): Trying to destroy uninitialized session in /home/ubuntu/workspace/views/logout.php on line 9
[15-Nov-2017 01:45:10 UTC] PHP Stack trace:
[15-Nov-2017 01:45:10 UTC] PHP   1. {main}() /home/ubuntu/workspace/views/logout.php:0
[15-Nov-2017 01:45:10 UTC] PHP   2. session_destroy() /home/ubuntu/workspace/views/logout.php:9
[15-Nov-2017 01:45:10 UTC] PHP Warning:  session_destroy(): Trying to destroy uninitialized session in /home/ubuntu/workspace/views/logout.php on line 9
[15-Nov-2017 01:45:10 UTC] PHP Stack trace:
[15-Nov-2017 01:45:10 UTC] PHP   1. {main}() /home/ubuntu/workspace/views/logout.php:0
[15-Nov-2017 01:45:10 UTC] PHP   2. session_destroy() /home/ubuntu/workspace/views/logout.php:9
[15-Nov-2017 01:45:11 UTC] PHP Warning:  session_destroy(): Trying to destroy uninitialized session in /home/ubuntu/workspace/views/logout.php on line 9
[15-Nov-2017 01:45:11 UTC] PHP Stack trace:
[15-Nov-2017 01:45:11 UTC] PHP   1. {main}() /home/ubuntu/workspace/views/logout.php:0
[15-Nov-2017 01:45:11 UTC] PHP   2. session_destroy() /home/ubuntu/workspace/views/logout.php:9
[15-Nov-2017 01:45:11 UTC] PHP Warning:  session_destroy(): Trying to destroy uninitialized session in /home/ubuntu/workspace/views/logout.php on line 9
[15-Nov-2017 01:45:11 UTC] PHP Stack trace:
[15-Nov-2017 01:45:11 UTC] PHP   1. {main}() /home/ubuntu/workspace/views/logout.php:0
[15-Nov-2017 01:45:11 UTC] PHP   2. session_destroy() /home/ubuntu/workspace/views/logout.php:9
[15-Nov-2017 01:45:11 UTC] PHP Warning:  session_destroy(): Trying to destroy uninitialized session in /home/ubuntu/workspace/views/logout.php on line 9
[15-Nov-2017 01:45:11 UTC] PHP Stack trace:
[15-Nov-2017 01:45:11 UTC] PHP   1. {main}() /home/ubuntu/workspace/views/logout.php:0
[15-Nov-2017 01:45:11 UTC] PHP   2. session_destroy() /home/ubuntu/workspace/views/logout.php:9
[15-Nov-2017 01:45:12 UTC] PHP Warning:  session_destroy(): Trying to destroy uninitialized session in /home/ubuntu/workspace/views/logout.php on line 9
[15-Nov-2017 01:45:12 UTC] PHP Stack trace:
[15-Nov-2017 01:45:12 UTC] PHP   1. {main}() /home/ubuntu/workspace/views/logout.php:0
[15-Nov-2017 01:45:12 UTC] PHP   2. session_destroy() /home/ubuntu/workspace/views/logout.php:9
[15-Nov-2017 01:45:12 UTC] PHP Warning:  session_destroy(): Trying to destroy uninitialized session in /home/ubuntu/workspace/views/logout.php on line 9
[15-Nov-2017 01:45:12 UTC] PHP Stack trace:
[15-Nov-2017 01:45:12 UTC] PHP   1. {main}() /home/ubuntu/workspace/views/logout.php:0
[15-Nov-2017 01:45:12 UTC] PHP   2. session_destroy() /home/ubuntu/workspace/views/logout.php:9
[15-Nov-2017 01:45:13 UTC] PHP Warning:  session_destroy(): Trying to destroy uninitialized session in /home/ubuntu/workspace/views/logout.php on line 9
[15-Nov-2017 01:45:13 UTC] PHP Stack trace:
[15-Nov-2017 01:45:13 UTC] PHP   1. {main}() /home/ubuntu/workspace/views/logout.php:0
[15-Nov-2017 01:45:13 UTC] PHP   2. session_destroy() /home/ubuntu/workspace/views/logout.php:9
[15-Nov-2017 01:45:13 UTC] PHP Warning:  session_destroy(): Trying to destroy uninitialized session in /home/ubuntu/workspace/views/logout.php on line 9
[15-Nov-2017 01:45:13 UTC] PHP Stack trace:
[15-Nov-2017 01:45:13 UTC] PHP   1. {main}() /home/ubuntu/workspace/views/logout.php:0
[15-Nov-2017 01:45:13 UTC] PHP   2. session_destroy() /home/ubuntu/workspace/views/logout.php:9
[15-Nov-2017 01:45:13 UTC] PHP Warning:  session_destroy(): Trying to destroy uninitialized session in /home/ubuntu/workspace/views/logout.php on line 9
[15-Nov-2017 01:45:13 UTC] PHP Stack trace:
[15-Nov-2017 01:45:13 UTC] PHP   1. {main}() /home/ubuntu/workspace/views/logout.php:0
[15-Nov-2017 01:45:13 UTC] PHP   2. session_destroy() /home/ubuntu/workspace/views/logout.php:9
[15-Nov-2017 01:45:13 UTC] PHP Warning:  session_destroy(): Trying to destroy uninitialized session in /home/ubuntu/workspace/views/logout.php on line 9
[15-Nov-2017 01:45:13 UTC] PHP Stack trace:
[15-Nov-2017 01:45:13 UTC] PHP   1. {main}() /home/ubuntu/workspace/views/logout.php:0
[15-Nov-2017 01:45:13 UTC] PHP   2. session_destroy() /home/ubuntu/workspace/views/logout.php:9
[15-Nov-2017 01:45:13 UTC] PHP Warning:  session_destroy(): Trying to destroy uninitialized session in /home/ubuntu/workspace/views/logout.php on line 9
[15-Nov-2017 01:45:13 UTC] PHP Stack trace:
[15-Nov-2017 01:45:13 UTC] PHP   1. {main}() /home/ubuntu/workspace/views/logout.php:0
[15-Nov-2017 01:45:13 UTC] PHP   2. session_destroy() /home/ubuntu/workspace/views/logout.php:9
[15-Nov-2017 01:45:15 UTC] PHP Warning:  session_destroy(): Trying to destroy uninitialized session in /home/ubuntu/workspace/views/logout.php on line 9
[15-Nov-2017 01:45:15 UTC] PHP Stack trace:
[15-Nov-2017 01:45:15 UTC] PHP   1. {main}() /home/ubuntu/workspace/views/logout.php:0
[15-Nov-2017 01:45:15 UTC] PHP   2. session_destroy() /home/ubuntu/workspace/views/logout.php:9
[15-Nov-2017 01:45:15 UTC] PHP Warning:  session_destroy(): Trying to destroy uninitialized session in /home/ubuntu/workspace/views/logout.php on line 9
[15-Nov-2017 01:45:15 UTC] PHP Stack trace:
[15-Nov-2017 01:45:15 UTC] PHP   1. {main}() /home/ubuntu/workspace/views/logout.php:0
[15-Nov-2017 01:45:15 UTC] PHP   2. session_destroy() /home/ubuntu/workspace/views/logout.php:9
[15-Nov-2017 01:45:15 UTC] PHP Warning:  session_destroy(): Trying to destroy uninitialized session in /home/ubuntu/workspace/views/logout.php on line 9
[15-Nov-2017 01:45:15 UTC] PHP Stack trace:
[15-Nov-2017 01:45:15 UTC] PHP   1. {main}() /home/ubuntu/workspace/views/logout.php:0
[15-Nov-2017 01:45:15 UTC] PHP   2. session_destroy() /home/ubuntu/workspace/views/logout.php:9
